<?xml version="1.0" encoding="UTF-8"?>
<testsuite xmlns:xsi="http://www.w3.org/2001/XMLSchema-instance" xsi:noNamespaceSchemaLocation="https://maven.apache.org/surefire/maven-surefire-plugin/xsd/surefire-test-report-3.0.xsd" version="3.0" name="TestSuite" time="68.362" tests="6" errors="0" skipped="0" failures="0">
  <properties>
[...]
</properties>
  <testcase name="runScenario[&quot;Perform login with valid credentials&quot;, &quot;Optional[As a Z-Train client I want to login so that I could access to online store]&quot;](1)" classname="com.ztrain.web.TestRunner" time="9.301">
    <system-out><![CDATA[[DEBUG] 2022-05-19 13:57:31.948 [main] io.netty.util.internal.logging.InternalLoggerFactory - Using Log4J2 as the default logging framework
[DEBUG] 2022-05-19 13:57:31.955 [main] io.netty.util.ResourceLeakDetector - -Dio.netty.leakDetection.level: simple
[DEBUG] 2022-05-19 13:57:31.955 [main] io.netty.util.ResourceLeakDetector - -Dio.netty.leakDetection.targetRecords: 4
[DEBUG] 2022-05-19 13:57:31.959 [main] io.netty.util.ResourceLeakDetectorFactory - Loaded default ResourceLeakDetector: io.netty.util.ResourceLeakDetector@37d3d232
[DEBUG] 2022-05-19 13:57:31.973 [main] io.netty.util.internal.PlatformDependent - Platform: Windows
[DEBUG] 2022-05-19 13:57:31.974 [main] io.netty.util.internal.PlatformDependent0 - -Dio.netty.noUnsafe: false
[DEBUG] 2022-05-19 13:57:31.975 [main] io.netty.util.internal.PlatformDependent0 - Java version: 8
[DEBUG] 2022-05-19 13:57:31.975 [main] io.netty.util.internal.PlatformDependent0 - sun.misc.Unsafe.theUnsafe: available
[DEBUG] 2022-05-19 13:57:31.975 [main] io.netty.util.internal.PlatformDependent0 - sun.misc.Unsafe.copyMemory: available
[DEBUG] 2022-05-19 13:57:31.976 [main] io.netty.util.internal.PlatformDependent0 - java.nio.Buffer.address: available
[DEBUG] 2022-05-19 13:57:31.976 [main] io.netty.util.internal.PlatformDependent0 - direct buffer constructor: available
[DEBUG] 2022-05-19 13:57:31.977 [main] io.netty.util.internal.PlatformDependent0 - java.nio.Bits.unaligned: available, true
[DEBUG] 2022-05-19 13:57:31.977 [main] io.netty.util.internal.PlatformDependent0 - jdk.internal.misc.Unsafe.allocateUninitializedArray(int): unavailable prior to Java9
[DEBUG] 2022-05-19 13:57:31.977 [main] io.netty.util.internal.PlatformDependent0 - java.nio.DirectByteBuffer.<init>(long, int): available
[DEBUG] 2022-05-19 13:57:31.977 [main] io.netty.util.internal.PlatformDependent - sun.misc.Unsafe: available
[DEBUG] 2022-05-19 13:57:31.977 [main] io.netty.util.internal.PlatformDependent - -Dio.netty.tmpdir: C:\Users\TED\AppData\Local\Temp (java.io.tmpdir)
[DEBUG] 2022-05-19 13:57:31.977 [main] io.netty.util.internal.PlatformDependent - -Dio.netty.bitMode: 64 (sun.arch.data.model)
[DEBUG] 2022-05-19 13:57:31.978 [main] io.netty.util.internal.PlatformDependent - -Dio.netty.maxDirectMemory: 3771203584 bytes
[DEBUG] 2022-05-19 13:57:31.978 [main] io.netty.util.internal.PlatformDependent - -Dio.netty.uninitializedArrayAllocationThreshold: -1
[DEBUG] 2022-05-19 13:57:31.979 [main] io.netty.util.internal.CleanerJava6 - java.nio.ByteBuffer.cleaner(): available
[DEBUG] 2022-05-19 13:57:31.979 [main] io.netty.util.internal.PlatformDependent - -Dio.netty.noPreferDirect: false
[DEBUG] 2022-05-19 13:57:31.985 [main] io.netty.util.internal.PlatformDependent - org.jctools-core.MpscChunkedArrayQueue: available
[DEBUG] 2022-05-19 13:57:32.360 [main] io.netty.handler.ssl.JdkSslContext - Default protocols (JDK): [TLSv1.2, TLSv1.1, TLSv1] 
[DEBUG] 2022-05-19 13:57:32.360 [main] io.netty.handler.ssl.JdkSslContext - Default cipher suites (JDK): [TLS_ECDHE_ECDSA_WITH_AES_256_GCM_SHA384, TLS_ECDHE_ECDSA_WITH_AES_128_GCM_SHA256, TLS_ECDHE_RSA_WITH_AES_128_GCM_SHA256, TLS_ECDHE_RSA_WITH_AES_256_GCM_SHA384, TLS_ECDHE_RSA_WITH_AES_128_CBC_SHA, TLS_ECDHE_RSA_WITH_AES_256_CBC_SHA, TLS_RSA_WITH_AES_128_GCM_SHA256, TLS_RSA_WITH_AES_128_CBC_SHA, TLS_RSA_WITH_AES_256_CBC_SHA]
[DEBUG] 2022-05-19 13:57:32.377 [main] io.netty.util.internal.InternalThreadLocalMap - -Dio.netty.threadLocalMap.stringBuilder.initialSize: 1024
[DEBUG] 2022-05-19 13:57:32.377 [main] io.netty.util.internal.InternalThreadLocalMap - -Dio.netty.threadLocalMap.stringBuilder.maxSize: 4096
[DEBUG] 2022-05-19 13:57:32.384 [main] io.netty.channel.MultithreadEventLoopGroup - -Dio.netty.eventLoopThreads: 16
[DEBUG] 2022-05-19 13:57:32.396 [main] io.netty.channel.nio.NioEventLoop - -Dio.netty.noKeySetOptimization: false
[DEBUG] 2022-05-19 13:57:32.396 [main] io.netty.channel.nio.NioEventLoop - -Dio.netty.selectorAutoRebuildThreshold: 512
[DEBUG] 2022-05-19 13:57:32.442 [main] io.netty.buffer.PooledByteBufAllocator - -Dio.netty.allocator.numHeapArenas: 16
[DEBUG] 2022-05-19 13:57:32.442 [main] io.netty.buffer.PooledByteBufAllocator - -Dio.netty.allocator.numDirectArenas: 16
[DEBUG] 2022-05-19 13:57:32.442 [main] io.netty.buffer.PooledByteBufAllocator - -Dio.netty.allocator.pageSize: 8192
[DEBUG] 2022-05-19 13:57:32.442 [main] io.netty.buffer.PooledByteBufAllocator - -Dio.netty.allocator.maxOrder: 11
[DEBUG] 2022-05-19 13:57:32.442 [main] io.netty.buffer.PooledByteBufAllocator - -Dio.netty.allocator.chunkSize: 16777216
[DEBUG] 2022-05-19 13:57:32.442 [main] io.netty.buffer.PooledByteBufAllocator - -Dio.netty.allocator.tinyCacheSize: 512
[DEBUG] 2022-05-19 13:57:32.443 [main] io.netty.buffer.PooledByteBufAllocator - -Dio.netty.allocator.smallCacheSize: 256
[DEBUG] 2022-05-19 13:57:32.443 [main] io.netty.buffer.PooledByteBufAllocator - -Dio.netty.allocator.normalCacheSize: 64
[DEBUG] 2022-05-19 13:57:32.443 [main] io.netty.buffer.PooledByteBufAllocator - -Dio.netty.allocator.maxCachedBufferCapacity: 32768
[DEBUG] 2022-05-19 13:57:32.443 [main] io.netty.buffer.PooledByteBufAllocator - -Dio.netty.allocator.cacheTrimInterval: 8192
[DEBUG] 2022-05-19 13:57:32.443 [main] io.netty.buffer.PooledByteBufAllocator - -Dio.netty.allocator.cacheTrimIntervalMillis: 0
[DEBUG] 2022-05-19 13:57:32.443 [main] io.netty.buffer.PooledByteBufAllocator - -Dio.netty.allocator.useCacheForAllThreads: true
[DEBUG] 2022-05-19 13:57:32.443 [main] io.netty.buffer.PooledByteBufAllocator - -Dio.netty.allocator.maxCachedByteBuffersPerChunk: 1023
[DEBUG] 2022-05-19 13:57:32.453 [main] io.netty.buffer.ByteBufUtil - -Dio.netty.allocator.type: pooled
[DEBUG] 2022-05-19 13:57:32.453 [main] io.netty.buffer.ByteBufUtil - -Dio.netty.threadLocalDirectBufferSize: 0
[DEBUG] 2022-05-19 13:57:32.453 [main] io.netty.buffer.ByteBufUtil - -Dio.netty.maxThreadLocalCharBufferSize: 16384
[DEBUG] 2022-05-19 13:57:33.189 [Forwarding newSession on session null to remote] io.netty.channel.DefaultChannelId - -Dio.netty.processId: 22484 (auto-detected)
[DEBUG] 2022-05-19 13:57:33.190 [Forwarding newSession on session null to remote] io.netty.util.NetUtil - -Djava.net.preferIPv4Stack: false
[DEBUG] 2022-05-19 13:57:33.191 [Forwarding newSession on session null to remote] io.netty.util.NetUtil - -Djava.net.preferIPv6Addresses: false
[DEBUG] 2022-05-19 13:57:33.430 [Forwarding newSession on session null to remote] io.netty.util.NetUtil - Loopback interface: lo (Software Loopback Interface 1, 127.0.0.1)
[DEBUG] 2022-05-19 13:57:33.430 [Forwarding newSession on session null to remote] io.netty.util.NetUtil - Failed to get SOMAXCONN from sysctl and file \proc\sys\net\core\somaxconn. Default: 200
[DEBUG] 2022-05-19 13:57:33.677 [Forwarding newSession on session null to remote] io.netty.channel.DefaultChannelId - -Dio.netty.machineId: 00:50:56:ff:fe:c0:00:01 (auto-detected)
[DEBUG] 2022-05-19 13:57:33.753 [AsyncHttpClient-3-1] io.netty.buffer.AbstractByteBuf - -Dio.netty.buffer.checkAccessible: true
[DEBUG] 2022-05-19 13:57:33.753 [AsyncHttpClient-3-1] io.netty.buffer.AbstractByteBuf - -Dio.netty.buffer.checkBounds: true
[DEBUG] 2022-05-19 13:57:33.753 [AsyncHttpClient-3-1] io.netty.util.ResourceLeakDetectorFactory - Loaded default ResourceLeakDetector: io.netty.util.ResourceLeakDetector@1762af21
[DEBUG] 2022-05-19 13:57:33.771 [AsyncHttpClient-3-1] io.netty.util.Recycler - -Dio.netty.recycler.maxCapacityPerThread: 4096
[DEBUG] 2022-05-19 13:57:33.771 [AsyncHttpClient-3-1] io.netty.util.Recycler - -Dio.netty.recycler.maxSharedCapacityFactor: 2
[DEBUG] 2022-05-19 13:57:33.772 [AsyncHttpClient-3-1] io.netty.util.Recycler - -Dio.netty.recycler.linkCapacity: 16
[DEBUG] 2022-05-19 13:57:33.772 [AsyncHttpClient-3-1] io.netty.util.Recycler - -Dio.netty.recycler.ratio: 8

@login
Scenario Outline: Perform login with valid credentials                    # src/test/resources/features/login.feature:10
  Given user is at login page                                             # com.ztrain.web.steps.LoginSteps.userIsAtTheLoginPage()
Element not visible after click
  When user is logging-in with sehajpreet2.nicholi@orperfect.com hqqps2J$ # com.ztrain.web.steps.LoginSteps.userIsLoggingInWithUsernamePassword(java.lang.String,java.lang.String)
  Then he should be redirected to the home page                           # com.ztrain.web.steps.LoginSteps.heShouldBeAtTheHomePage()
]]></system-out>
    <system-err><![CDATA[SLF4J: Failed to load class "org.slf4j.impl.StaticLoggerBinder".
SLF4J: Defaulting to no-operation (NOP) logger implementation
SLF4J: See http://www.slf4j.org/codes.html#StaticLoggerBinder for further details.
1652961452563	geckodriver	INFO	Listening on 127.0.0.1:18748
1652961453793	mozrunner::runner	INFO	Running command: "C:\\Program Files\\Mozilla Firefox\\firefox.exe" "--marionette" "-no-remote" "-profile" "C:\\Users\\TED\\AppData\\Local\\Temp\\rust_mozprofileoPMtjE"
1652961454272	Marionette	INFO	Marionette enabled
console.warn: SearchSettings: "get: No settings file exists, new profile?" (new NotFoundError("Could not open the file at C:\\Users\\TED\\AppData\\Local\\Temp\\rust_mozprofileoPMtjE\\search.json.mozlz4", (void 0)))
1652961455854	Marionette	INFO	Listening on port 5213
Read port: 5213
1652961455901	RemoteAgent	WARN	TLS certificate errors will be ignored for this session
mai 19, 2022 1:57:35 PM org.openqa.selenium.remote.ProtocolHandshake createSession
INFOS: Detected dialect: W3C
console.warn: LoginRecipes: "getRecipes: falling back to a synchronous message for:" "https://ztrain-web.vercel.app"
console.warn: LoginRecipes: "getRecipes: falling back to a synchronous message for:" "https://ztrain-web.vercel.app"
JavaScript error: resource://gre/modules/LoginManagerParent.jsm, line 136: TypeError: gRecipeManager is null
]]></system-err>
  </testcase>
  <testcase name="runScenario[&quot;Error messages on the login page&quot;, &quot;Optional[As a customer I want to login without fill the fields so that I could see error messages]&quot;](2)" classname="com.ztrain.web.TestRunner" time="2.566">
    <system-out><![CDATA[
@login_password_required.OF-807
Scenario: Error messages on the login page                                              # src/test/resources/features/login_password_required.feature:3
  Given user is at login page                                                           # com.ztrain.web.steps.LoginSteps.userIsAtTheLoginPage()
Element not visible after click
  When User clicks on connexion button without filling in the login and password fields # com.ztrain.web.steps.LoginPasswordRequiredSteps.userClickOnConnexionButtonWithoutFillingInTheLoginAndPasswordFields()
  Then User should see an error message below the login and password fields             # com.ztrain.web.steps.LoginPasswordRequiredSteps.userShouldSeeAnErrorMessageBelowTheLoginAndPasswordFields()
]]></system-out>
    <system-err><![CDATA[JavaScript error: https://ztrain-web.vercel.app/_next/static/chunks/pages/home-a2419eb8a156e0d1.js, line 1: Error: Failed to load Stripe.js
console.warn: LoginRecipes: "getRecipes: falling back to a syJnacvahSrcripto neorurso rm:e sressaoguer cfe:o/r/g:r"e /"mohdutlets/pLsogi:n/Ma/nzatgrearPianre-ntw.jesbm.,v elrine 1c3el6:. Taypppe"Er
ror: gRecipeManager is null
console.warn: LoginRecipes: "getRecipes: falling back to a synchronous message for:" "https://ztrain-web.vercel.app"
JavaScript error: resource://gre/modules/LoginManagerParent.jsm, line 136: TypeError: gRecipeManager is null
console.warn: LoginRecipes: "getRecipes: falling back to a synchronous JmaevsasSacrigpt eer rfoorr:: "r e"shotutrpcse::////zgtrrea/imno-dwuelbe.sv/eLrocgeiln.Mappa"na
gerParent.jsm, line 136: TypeError: gRecipeManager is null
]]></system-err>
  </testcase>
  <testcase name="runScenario[&quot;Given user is at login page&quot;, &quot;Optional.empty&quot;](3)" classname="com.ztrain.web.TestRunner" time="2.229">
    <system-out><![CDATA[
@logout.OF-840
Scenario Outline: Given user is at login page                             # src/test/resources/features/logout.feature:14
  Given user is at login page                                             # com.ztrain.web.steps.LoginSteps.userIsAtTheLoginPage()
Element not visible after click
  When user is logging-in with sehajpreet2.nicholi@orperfect.com hqqps2J$ # com.ztrain.web.steps.LoginSteps.userIsLoggingInWithUsernamePassword(java.lang.String,java.lang.String)
  Then he should be redirected to the home page                           # com.ztrain.web.steps.LoginSteps.heShouldBeAtTheHomePage()
Element not visible after click
Compte
  When User clicks on Account icon                                        # com.ztrain.web.steps.LogOutSteps.userClicksOnAccountIcon()
in and
  And User clicks on disconnect                                           # com.ztrain.web.steps.LogOutSteps.userClicksOnDisconnect()
  Then User should be logged out                                          # com.ztrain.web.steps.LogOutSteps.userShouldBeLoggedOut()
]]></system-out>
    <system-err><![CDATA[console.warn: LoginRecipes: "getRecipes: falling back to a synchronous message for:" "https://ztrain-web.vercel.app"
JavaScript error: resource://gre/modules/LoginManagerParent.jsm, line 136: TypeError: gRecipeManager is null
console.warn: LoginRecipes: "getRecipes: falling back to a synchronous message for:" "https://ztrain-web.vercel.app"
JavaScript error: resource://gre/modules/LoginManagerParent.jsm, line 136: TypeError: gRecipeManager is null
console.warn: LoginRecipes: "getRecipes: falling back to a synchronous message for:" "https://ztrain-web.vercel.app"
JavaScript error: resource://gre/modules/LoginManagerParent.jsm, line 136: TypeError: gRecipeManager is null
console.warn: LoginRecipes: "getRecipes: falling back to a synchronous message for:" "https://ztrain-web.vercel.app"
JavaScript error: resource://gre/modules/LoginManagerParent.jsm, line 136: TypeError: gRecipeManager is null
console.warn: LoginRecipes: "getRecipes: falling back to a synchronous message for:" "https://ztrain-web.vercel.app"
JavaScript error: resource://gre/modules/LoginManagerParent.jsm, line 136: TypeError: gRecipeManager is null
console.warn: LoginRecipes: "getRecipes: falling back to a synchronous message for:" "https://ztrain-web.vercel.app"
JavaScript error: resource://gre/modules/LoginManagerParent.jsm, line 136: TypeError: gRecipeManager is null
]]></system-err>
  </testcase>
  <testcase name="runScenario[&quot;&quot;, &quot;Optional[As a customer I want to see my password after enter it]&quot;](4)" classname="com.ztrain.web.TestRunner" time="1.919">
    <system-out><![CDATA[
@password_displayed_clear.OF-806
Scenario:                                                                           # src/test/resources/features/password_displayed_clear.feature:3
  Given user is at login page                                                       # com.ztrain.web.steps.LoginSteps.userIsAtTheLoginPage()
  When user fill in the password field "a123456"                                    # com.ztrain.web.steps.PasswordInClearSteps.userFillInThePasswordField(java.lang.String)
Element not visible after click
  And User clicks on the display password button to the right of the password field # com.ztrain.web.steps.PasswordInClearSteps.userClicksOnTheDisplayPasswordButtonToTheRightOfThePasswordField()
  Then The password is displayed in clear                                           # com.ztrain.web.steps.PasswordInClearSteps.thePasswordIsDisplayedInClear()
]]></system-out>
  </testcase>
  <testcase name="runScenario[&quot;&quot;, &quot;Optional[As a customer I want to click on an article so that I could see product information]&quot;](5)" classname="com.ztrain.web.TestRunner" time="23.061">
    <system-out><![CDATA[
@product_information_OF-1015
Scenario Outline:                                                                                   # src/test/resources/features/product_information.feature:13
  Given user is at login page                                                                       # com.ztrain.web.steps.LoginSteps.userIsAtTheLoginPage()
Element not visible after click
  When user is logging-in with sehajpreet2.nicholi@orperfect.com hqqps2J$                           # com.ztrain.web.steps.LoginSteps.userIsLoggingInWithUsernamePassword(java.lang.String,java.lang.String)
  Then he should be redirected to the home page                                                     # com.ztrain.web.steps.LoginSteps.heShouldBeAtTheHomePage()
https://ztrain-web.vercel.app/home successfully loaded
Element not visible after click
  When User selects Chaise de Bureau Ergonomique                                                    # com.ztrain.web.steps.ProductInformationSteps.userSelectsArticle(java.lang.String)
  Then Spawn a popup on the page with description of the Chaise de Bureau Ergonomique and the 60.05 # com.ztrain.web.steps.ProductInformationSteps.spawnAPopupOnThePageWithDescriptionOfTheArticleAndThePrecise_price(java.lang.String,java.lang.String)
]]></system-out>
    <system-err><![CDATA[console.warn: LoginRecipes: "getRecipes: falling back to a synchronous message for:" "https://ztrain-web.vercel.app"
JavaScript error: resource://gre/modules/LoginManagerParent.jsm, line 136: TypeError: gRecipeManager is null
console.warn: LoginRecipes: "getRecipes: falling back to a synchronous messaJgavea Scfrioptr e:r"ro r":ht trpesso:ur/ce/:/z/tgrraei/nm-odwueles/LoginManagerParent.jsm, line 1b3.6v:e rTcyeple.Earprpo"r: 
gRecipeManager is null
]]></system-err>
  </testcase>
  <testcase name="runScenario[&quot;&quot;, &quot;Optional[As a customer I want to click on an article so that I could see product information]&quot;](6)" classname="com.ztrain.web.TestRunner" time="22.69">
    <system-out><![CDATA[
@product_information_OF-1015
Scenario Outline:                                                                             # src/test/resources/features/product_information.feature:14
  Given user is at login page                                                                 # com.ztrain.web.steps.LoginSteps.userIsAtTheLoginPage()
Element not visible after click
  When user is logging-in with sehajpreet2.nicholi@orperfect.com hqqps2J$                     # com.ztrain.web.steps.LoginSteps.userIsLoggingInWithUsernamePassword(java.lang.String,java.lang.String)
  Then he should be redirected to the home page                                               # com.ztrain.web.steps.LoginSteps.heShouldBeAtTheHomePage()
https://ztrain-web.vercel.app/home successfully loaded
Element not visible after click
  When User selects I-phone PRO 256 NOIR                                                      # com.ztrain.web.steps.ProductInformationSteps.userSelectsArticle(java.lang.String)
  Then Spawn a popup on the page with description of the I-phone PRO 256 NOIR and the 1259.02 # com.ztrain.web.steps.ProductInformationSteps.spawnAPopupOnThePageWithDescriptionOfTheArticleAndThePrecise_price(java.lang.String,java.lang.String)
]]></system-out>
    <system-err><![CDATA[console.warn: LoginRecipes: "getRecipes: falling back to a synchronous message for:" "https://ztrain-web.vercel.app"
JavaScript error: resource://gre/modules/LoginManagerParent.jsm, line 136: TypeError: gRecipeManager is null
console.warn: LoginRecipes: "getRecipes: falling back to a synchronous messaJgea vfaor:" "https:S/c/rzitrpaitn -ewrerbo.rv:e rrceeslo.uarpcpe":/
/gre/modules/LoginManagerParent.jsm, line 136: TypeError: gRecipeManager is null
]]></system-err>
  </testcase>
</testsuite>