<?xml version="1.0" encoding="UTF-8"?>
<testng-results skipped="0" failed="1" ignored="0" total="13" passed="12">
  <reporter-output>
  </reporter-output>
  <suite name="Surefire suite" duration-ms="116520" started-at="2022-06-01T09:41:05 CEST" finished-at="2022-06-01T09:43:02 CEST">
    <groups>
      <group name="cucumber">
        <method signature="AbstractTestNGCucumberTests.runScenario(io.cucumber.testng.PickleWrapper,io.cucumber.testng.FeatureWrapper)[pri:0, instance:com.ztrain.web.TestRunner@57f23557]" name="runScenario" class="io.cucumber.testng.AbstractTestNGCucumberTests"/>
      </group> <!-- cucumber -->
    </groups>
    <test name="Surefire test" duration-ms="116520" started-at="2022-06-01T09:41:05 CEST" finished-at="2022-06-01T09:43:02 CEST">
      <class name="com.ztrain.web.TestRunner">
        <test-method status="PASS" signature="setUpClass(org.testng.ITestContext)[pri:0, instance:com.ztrain.web.TestRunner@57f23557]" name="setUpClass" is-config="true" duration-ms="624" started-at="2022-06-01T09:41:05 CEST" finished-at="2022-06-01T09:41:06 CEST">
          <params>
            <param index="0">
              <value>
                <![CDATA[org.testng.TestRunner@40ebb56]]>
              </value>
            </param>
          </params>
          <reporter-output>
          </reporter-output>
        </test-method> <!-- setUpClass -->
        <test-method status="PASS" signature="beforeTest()[pri:0, instance:com.ztrain.web.TestRunner@57f23557]" name="beforeTest" is-config="true" duration-ms="3502" started-at="2022-06-01T09:41:06 CEST" finished-at="2022-06-01T09:41:10 CEST">
          <reporter-output>
          </reporter-output>
        </test-method> <!-- beforeTest -->
        <test-method status="PASS" signature="runScenario(io.cucumber.testng.PickleWrapper,io.cucumber.testng.FeatureWrapper)[pri:0, instance:com.ztrain.web.TestRunner@57f23557]" name="runScenario" duration-ms="21301" started-at="2022-06-01T09:41:10 CEST" description="Runs Cucumber Scenarios" data-provider="scenarios" finished-at="2022-06-01T09:41:31 CEST">
          <params>
            <param index="0">
              <value>
                <![CDATA["Add product to cart"]]>
              </value>
            </param>
            <param index="1">
              <value>
                <![CDATA["Optional.empty"]]>
              </value>
            </param>
          </params>
          <reporter-output>
          </reporter-output>
        </test-method> <!-- runScenario -->
        <test-method status="FAIL" signature="runScenario(io.cucumber.testng.PickleWrapper,io.cucumber.testng.FeatureWrapper)[pri:0, instance:com.ztrain.web.TestRunner@57f23557]" name="runScenario" duration-ms="46550" started-at="2022-06-01T09:41:31 CEST" description="Runs Cucumber Scenarios" data-provider="scenarios" finished-at="2022-06-01T09:42:17 CEST">
          <params>
            <param index="0">
              <value>
                <![CDATA["Produit en promotion"]]>
              </value>
            </param>
            <param index="1">
              <value>
                <![CDATA["Optional.empty"]]>
              </value>
            </param>
          </params>
          <exception class="org.openqa.selenium.ElementClickInterceptedException">
            <message>
              <![CDATA[element click intercepted: Element <svg stroke="currentColor" fill="none" stroke-width="2" viewBox="0 0 24 24" stroke-linecap="round" stroke-linejoin="round" height="1em" width="1em" xmlns="http://www.w3.org/2000/svg">...</svg> is not clickable at point (1349, 50). Other element would receive the click: <div id="style_container__P9Oh0">...</div>
  (Session info: chrome=102.0.5005.63)
Build info: version: '4.0.0-alpha-5', revision: 'b3a0d621cc'
System info: host: 'DESKTOP-L0MBEAP', ip: '169.254.96.69', os.name: 'Windows 10', os.arch: 'amd64', os.version: '10.0', java.version: '1.8.0_211'
Driver info: org.openqa.selenium.chrome.ChromeDriver
Capabilities {acceptInsecureCerts: true, browserName: chrome, browserVersion: 102.0.5005.63, chrome: {chromedriverVersion: 101.0.4951.41 (93c720db8323..., userDataDir: C:\Users\TED\AppData\Local\...}, goog:chromeOptions: {debuggerAddress: localhost:9112}, javascriptEnabled: true, networkConnectionEnabled: false, pageLoadStrategy: normal, platform: WINDOWS, platformName: WINDOWS, proxy: Proxy(), setWindowRect: true, strictFileInteractability: false, timeouts: {implicit: 0, pageLoad: 300000, script: 30000}, unhandledPromptBehavior: dismiss and notify, webauthn:extension:credBlob: true, webauthn:extension:largeBlob: true, webauthn:virtualAuthenticators: true}
Session ID: 3f96fb7b88ea9dac344bd5c3a3ce48e9]]>
            </message>
            <full-stacktrace>
              <![CDATA[org.openqa.selenium.ElementClickInterceptedException: element click intercepted: Element <svg stroke="currentColor" fill="none" stroke-width="2" viewBox="0 0 24 24" stroke-linecap="round" stroke-linejoin="round" height="1em" width="1em" xmlns="http://www.w3.org/2000/svg">...</svg> is not clickable at point (1349, 50). Other element would receive the click: <div id="style_container__P9Oh0">...</div>
  (Session info: chrome=102.0.5005.63)
Build info: version: '4.0.0-alpha-5', revision: 'b3a0d621cc'
System info: host: 'DESKTOP-L0MBEAP', ip: '169.254.96.69', os.name: 'Windows 10', os.arch: 'amd64', os.version: '10.0', java.version: '1.8.0_211'
Driver info: org.openqa.selenium.chrome.ChromeDriver
Capabilities {acceptInsecureCerts: true, browserName: chrome, browserVersion: 102.0.5005.63, chrome: {chromedriverVersion: 101.0.4951.41 (93c720db8323..., userDataDir: C:\Users\TED\AppData\Local\...}, goog:chromeOptions: {debuggerAddress: localhost:9112}, javascriptEnabled: true, networkConnectionEnabled: false, pageLoadStrategy: normal, platform: WINDOWS, platformName: WINDOWS, proxy: Proxy(), setWindowRect: true, strictFileInteractability: false, timeouts: {implicit: 0, pageLoad: 300000, script: 30000}, unhandledPromptBehavior: dismiss and notify, webauthn:extension:credBlob: true, webauthn:extension:largeBlob: true, webauthn:virtualAuthenticators: true}
Session ID: 3f96fb7b88ea9dac344bd5c3a3ce48e9
at sun.reflect.NativeConstructorAccessorImpl.newInstance0(Native Method)
at sun.reflect.NativeConstructorAccessorImpl.newInstance(NativeConstructorAccessorImpl.java:62)
at sun.reflect.DelegatingConstructorAccessorImpl.newInstance(DelegatingConstructorAccessorImpl.java:45)
at java.lang.reflect.Constructor.newInstance(Constructor.java:423)
at org.openqa.selenium.remote.codec.w3c.W3CHttpResponseCodec.createException(W3CHttpResponseCodec.java:196)
at org.openqa.selenium.remote.codec.w3c.W3CHttpResponseCodec.decode(W3CHttpResponseCodec.java:129)
at org.openqa.selenium.remote.codec.w3c.W3CHttpResponseCodec.decode(W3CHttpResponseCodec.java:53)
at org.openqa.selenium.remote.HttpCommandExecutor.execute(HttpCommandExecutor.java:161)
at org.openqa.selenium.remote.service.DriverCommandExecutor.execute(DriverCommandExecutor.java:83)
at org.openqa.selenium.remote.RemoteWebDriver.execute(RemoteWebDriver.java:582)
at org.openqa.selenium.remote.RemoteWebElement.execute(RemoteWebElement.java:316)
at org.openqa.selenium.remote.RemoteWebElement.click(RemoteWebElement.java:85)
at sun.reflect.NativeMethodAccessorImpl.invoke0(Native Method)
at sun.reflect.NativeMethodAccessorImpl.invoke(NativeMethodAccessorImpl.java:62)
at sun.reflect.DelegatingMethodAccessorImpl.invoke(DelegatingMethodAccessorImpl.java:43)
at java.lang.reflect.Method.invoke(Method.java:498)
at org.openqa.selenium.support.pagefactory.internal.LocatingElementHandler.invoke(LocatingElementHandler.java:52)
at com.sun.proxy.$Proxy41.click(Unknown Source)
at com.ztrain.web.pageObjects.Page.clickOn(Page.java:108)
at com.ztrain.web.pageObjects.HomePage.openCart(HomePage.java:140)
at com.ztrain.web.steps.HomeSteps.heClicksOnCartIcon(HomeSteps.java:105)
at ✽.he clicks on cart icon(file:///C:/Users/TED/Documents/pawk/formation/selenium%20ISTQB/framework/demo_test/src/test/resources/features/cart.feature:23)
]]>
            </full-stacktrace>
          </exception> <!-- org.openqa.selenium.ElementClickInterceptedException -->
          <reporter-output>
          </reporter-output>
        </test-method> <!-- runScenario -->
        <test-method status="PASS" signature="runScenario(io.cucumber.testng.PickleWrapper,io.cucumber.testng.FeatureWrapper)[pri:0, instance:com.ztrain.web.TestRunner@57f23557]" name="runScenario" duration-ms="7250" started-at="2022-06-01T09:42:17 CEST" description="Runs Cucumber Scenarios" data-provider="scenarios" finished-at="2022-06-01T09:42:25 CEST">
          <params>
            <param index="0">
              <value>
                <![CDATA["Add product to cart and empty the cart"]]>
              </value>
            </param>
            <param index="1">
              <value>
                <![CDATA["Optional.empty"]]>
              </value>
            </param>
          </params>
          <reporter-output>
          </reporter-output>
        </test-method> <!-- runScenario -->
        <test-method status="PASS" signature="runScenario(io.cucumber.testng.PickleWrapper,io.cucumber.testng.FeatureWrapper)[pri:0, instance:com.ztrain.web.TestRunner@57f23557]" name="runScenario" duration-ms="3475" started-at="2022-06-01T09:42:25 CEST" description="Runs Cucumber Scenarios" data-provider="scenarios" finished-at="2022-06-01T09:42:28 CEST">
          <params>
            <param index="0">
              <value>
                <![CDATA["Perform login with valid credentials"]]>
              </value>
            </param>
            <param index="1">
              <value>
                <![CDATA["Optional[As a Z-Train client I want to login so that I could access to online store]"]]>
              </value>
            </param>
          </params>
          <reporter-output>
          </reporter-output>
        </test-method> <!-- runScenario -->
        <test-method status="PASS" signature="runScenario(io.cucumber.testng.PickleWrapper,io.cucumber.testng.FeatureWrapper)[pri:0, instance:com.ztrain.web.TestRunner@57f23557]" name="runScenario" duration-ms="1416" started-at="2022-06-01T09:42:28 CEST" description="Runs Cucumber Scenarios" data-provider="scenarios" finished-at="2022-06-01T09:42:30 CEST">
          <params>
            <param index="0">
              <value>
                <![CDATA["Email format"]]>
              </value>
            </param>
            <param index="1">
              <value>
                <![CDATA["Optional[As a Z-Train client I want to login so that I could access to online store]"]]>
              </value>
            </param>
          </params>
          <reporter-output>
          </reporter-output>
        </test-method> <!-- runScenario -->
        <test-method status="PASS" signature="runScenario(io.cucumber.testng.PickleWrapper,io.cucumber.testng.FeatureWrapper)[pri:0, instance:com.ztrain.web.TestRunner@57f23557]" name="runScenario" duration-ms="770" started-at="2022-06-01T09:42:30 CEST" description="Runs Cucumber Scenarios" data-provider="scenarios" finished-at="2022-06-01T09:42:30 CEST">
          <params>
            <param index="0">
              <value>
                <![CDATA["Error messages on the login page"]]>
              </value>
            </param>
            <param index="1">
              <value>
                <![CDATA["Optional[As a Z-Train client I want to login so that I could access to online store]"]]>
              </value>
            </param>
          </params>
          <reporter-output>
          </reporter-output>
        </test-method> <!-- runScenario -->
        <test-method status="PASS" signature="runScenario(io.cucumber.testng.PickleWrapper,io.cucumber.testng.FeatureWrapper)[pri:0, instance:com.ztrain.web.TestRunner@57f23557]" name="runScenario" duration-ms="1118" started-at="2022-06-01T09:42:30 CEST" description="Runs Cucumber Scenarios" data-provider="scenarios" finished-at="2022-06-01T09:42:31 CEST">
          <params>
            <param index="0">
              <value>
                <![CDATA[""]]>
              </value>
            </param>
            <param index="1">
              <value>
                <![CDATA["Optional[As a Z-Train client I want to login so that I could access to online store]"]]>
              </value>
            </param>
          </params>
          <reporter-output>
          </reporter-output>
        </test-method> <!-- runScenario -->
        <test-method status="PASS" signature="runScenario(io.cucumber.testng.PickleWrapper,io.cucumber.testng.FeatureWrapper)[pri:0, instance:com.ztrain.web.TestRunner@57f23557]" name="runScenario" duration-ms="5350" started-at="2022-06-01T09:42:31 CEST" description="Runs Cucumber Scenarios" data-provider="scenarios" finished-at="2022-06-01T09:42:37 CEST">
          <params>
            <param index="0">
              <value>
                <![CDATA["Logout"]]>
              </value>
            </param>
            <param index="1">
              <value>
                <![CDATA["Optional[As a customer, I want to log in the app so that I could log out]"]]>
              </value>
            </param>
          </params>
          <reporter-output>
          </reporter-output>
        </test-method> <!-- runScenario -->
        <test-method status="PASS" signature="runScenario(io.cucumber.testng.PickleWrapper,io.cucumber.testng.FeatureWrapper)[pri:0, instance:com.ztrain.web.TestRunner@57f23557]" name="runScenario" duration-ms="6057" started-at="2022-06-01T09:42:37 CEST" description="Runs Cucumber Scenarios" data-provider="scenarios" finished-at="2022-06-01T09:42:43 CEST">
          <params>
            <param index="0">
              <value>
                <![CDATA["Order pop up"]]>
              </value>
            </param>
            <param index="1">
              <value>
                <![CDATA["Optional[As a customer, I want to add products to cart, so that I could make payment]"]]>
              </value>
            </param>
          </params>
          <reporter-output>
          </reporter-output>
        </test-method> <!-- runScenario -->
        <test-method status="PASS" signature="runScenario(io.cucumber.testng.PickleWrapper,io.cucumber.testng.FeatureWrapper)[pri:0, instance:com.ztrain.web.TestRunner@57f23557]" name="runScenario" duration-ms="6580" started-at="2022-06-01T09:42:43 CEST" description="Runs Cucumber Scenarios" data-provider="scenarios" finished-at="2022-06-01T09:42:49 CEST">
          <params>
            <param index="0">
              <value>
                <![CDATA["Payment validation"]]>
              </value>
            </param>
            <param index="1">
              <value>
                <![CDATA["Optional[As a customer, I want to add products to cart, so that I could make payment]"]]>
              </value>
            </param>
          </params>
          <reporter-output>
          </reporter-output>
        </test-method> <!-- runScenario -->
        <test-method status="PASS" signature="runScenario(io.cucumber.testng.PickleWrapper,io.cucumber.testng.FeatureWrapper)[pri:0, instance:com.ztrain.web.TestRunner@57f23557]" name="runScenario" duration-ms="4308" started-at="2022-06-01T09:42:49 CEST" description="Runs Cucumber Scenarios" data-provider="scenarios" finished-at="2022-06-01T09:42:54 CEST">
          <params>
            <param index="0">
              <value>
                <![CDATA["Test fields required for payment"]]>
              </value>
            </param>
            <param index="1">
              <value>
                <![CDATA["Optional[As a customer, I want to add products to cart, so that I could make payment]"]]>
              </value>
            </param>
          </params>
          <reporter-output>
          </reporter-output>
        </test-method> <!-- runScenario -->
        <test-method status="PASS" signature="runScenario(io.cucumber.testng.PickleWrapper,io.cucumber.testng.FeatureWrapper)[pri:0, instance:com.ztrain.web.TestRunner@57f23557]" name="runScenario" duration-ms="3639" started-at="2022-06-01T09:42:54 CEST" description="Runs Cucumber Scenarios" data-provider="scenarios" finished-at="2022-06-01T09:42:57 CEST">
          <params>
            <param index="0">
              <value>
                <![CDATA["Product information"]]>
              </value>
            </param>
            <param index="1">
              <value>
                <![CDATA["Optional[As a customer, I want to access the shop, so that I could see products informations]"]]>
              </value>
            </param>
          </params>
          <reporter-output>
          </reporter-output>
        </test-method> <!-- runScenario -->
        <test-method status="PASS" signature="runScenario(io.cucumber.testng.PickleWrapper,io.cucumber.testng.FeatureWrapper)[pri:0, instance:com.ztrain.web.TestRunner@57f23557]" name="runScenario" duration-ms="3843" started-at="2022-06-01T09:42:57 CEST" description="Runs Cucumber Scenarios" data-provider="scenarios" finished-at="2022-06-01T09:43:01 CEST">
          <params>
            <param index="0">
              <value>
                <![CDATA["Product information"]]>
              </value>
            </param>
            <param index="1">
              <value>
                <![CDATA["Optional[As a customer, I want to access the shop, so that I could see products informations]"]]>
              </value>
            </param>
          </params>
          <reporter-output>
          </reporter-output>
        </test-method> <!-- runScenario -->
        <test-method status="PASS" signature="afterTest()[pri:0, instance:com.ztrain.web.TestRunner@57f23557]" name="afterTest" is-config="true" duration-ms="637" started-at="2022-06-01T09:43:01 CEST" finished-at="2022-06-01T09:43:02 CEST">
          <reporter-output>
          </reporter-output>
        </test-method> <!-- afterTest -->
        <test-method status="PASS" signature="tearDownClass()[pri:0, instance:com.ztrain.web.TestRunner@57f23557]" name="tearDownClass" is-config="true" duration-ms="65" started-at="2022-06-01T09:43:02 CEST" finished-at="2022-06-01T09:43:02 CEST">
          <reporter-output>
          </reporter-output>
        </test-method> <!-- tearDownClass -->
      </class> <!-- com.ztrain.web.TestRunner -->
    </test> <!-- Surefire test -->
  </suite> <!-- Surefire suite -->
</testng-results>
