<?xml version="1.0" encoding="UTF-8"?>
<testng-results skipped="0" failed="1" ignored="0" total="1" passed="0">
  <reporter-output>
  </reporter-output>
  <suite name="Surefire suite" duration-ms="40343" started-at="2022-05-30T10:48:33 CEST" finished-at="2022-05-30T10:49:14 CEST">
    <groups>
      <group name="cucumber">
        <method signature="AbstractTestNGCucumberTests.runScenario(io.cucumber.testng.PickleWrapper,io.cucumber.testng.FeatureWrapper)[pri:0, instance:com.ztrain.web.TestRunner@57f23557]" name="runScenario" class="io.cucumber.testng.AbstractTestNGCucumberTests"/>
      </group> <!-- cucumber -->
    </groups>
    <test name="Surefire test" duration-ms="40343" started-at="2022-05-30T10:48:33 CEST" finished-at="2022-05-30T10:49:14 CEST">
      <class name="com.ztrain.web.TestRunner">
        <test-method status="PASS" signature="setUpClass(org.testng.ITestContext)[pri:0, instance:com.ztrain.web.TestRunner@57f23557]" name="setUpClass" is-config="true" duration-ms="636" started-at="2022-05-30T10:48:33 CEST" finished-at="2022-05-30T10:48:34 CEST">
          <params>
            <param index="0">
              <value>
                <![CDATA[org.testng.TestRunner@7fedb795]]>
              </value>
            </param>
          </params>
          <reporter-output>
          </reporter-output>
        </test-method> <!-- setUpClass -->
        <test-method status="PASS" signature="beforeTest()[pri:0, instance:com.ztrain.web.TestRunner@57f23557]" name="beforeTest" is-config="true" duration-ms="2699" started-at="2022-05-30T10:48:34 CEST" finished-at="2022-05-30T10:48:37 CEST">
          <reporter-output>
          </reporter-output>
        </test-method> <!-- beforeTest -->
        <test-method status="FAIL" signature="runScenario(io.cucumber.testng.PickleWrapper,io.cucumber.testng.FeatureWrapper)[pri:0, instance:com.ztrain.web.TestRunner@57f23557]" name="runScenario" duration-ms="36316" started-at="2022-05-30T10:48:37 CEST" description="Runs Cucumber Scenarios" data-provider="scenarios" finished-at="2022-05-30T10:49:13 CEST">
          <params>
            <param index="0">
              <value>
                <![CDATA["Payment validation"]]>
              </value>
            </param>
            <param index="1">
              <value>
                <![CDATA["Optional[As a customer, I want to add products to cart, so that I could make payment]"]]>
              </value>
            </param>
          </params>
          <exception class="org.openqa.selenium.NoSuchElementException">
            <message>
              <![CDATA[no such element: Unable to locate element: {"method":"css selector","selector":"#style_form_wrapper__0GdNn > p"}
  (Session info: chrome=101.0.4951.67)
For documentation on this error, please visit: https://selenium.dev/exceptions/#no_such_element
Build info: version: '4.0.0-alpha-5', revision: 'b3a0d621cc'
System info: host: 'DESKTOP-L0MBEAP', ip: '169.254.96.69', os.name: 'Windows 10', os.arch: 'amd64', os.version: '10.0', java.version: '1.8.0_211'
Driver info: org.openqa.selenium.chrome.ChromeDriver
Capabilities {acceptInsecureCerts: true, browserName: chrome, browserVersion: 101.0.4951.67, chrome: {chromedriverVersion: 101.0.4951.41 (93c720db8323..., userDataDir: C:\Users\TED\AppData\Local\...}, goog:chromeOptions: {debuggerAddress: localhost:27253}, javascriptEnabled: true, networkConnectionEnabled: false, pageLoadStrategy: normal, platform: WINDOWS, platformName: WINDOWS, proxy: Proxy(), setWindowRect: true, strictFileInteractability: false, timeouts: {implicit: 0, pageLoad: 300000, script: 30000}, unhandledPromptBehavior: dismiss and notify, webauthn:extension:credBlob: true, webauthn:extension:largeBlob: true, webauthn:virtualAuthenticators: true}
Session ID: 041ce4ac6496188e957dc015fd49bb55
*** Element info: {Using=css selector, value=#style_form_wrapper__0GdNn > p}]]>
            </message>
            <full-stacktrace>
              <![CDATA[org.openqa.selenium.NoSuchElementException: no such element: Unable to locate element: {"method":"css selector","selector":"#style_form_wrapper__0GdNn > p"}
  (Session info: chrome=101.0.4951.67)
For documentation on this error, please visit: https://selenium.dev/exceptions/#no_such_element
Build info: version: '4.0.0-alpha-5', revision: 'b3a0d621cc'
System info: host: 'DESKTOP-L0MBEAP', ip: '169.254.96.69', os.name: 'Windows 10', os.arch: 'amd64', os.version: '10.0', java.version: '1.8.0_211'
Driver info: org.openqa.selenium.chrome.ChromeDriver
Capabilities {acceptInsecureCerts: true, browserName: chrome, browserVersion: 101.0.4951.67, chrome: {chromedriverVersion: 101.0.4951.41 (93c720db8323..., userDataDir: C:\Users\TED\AppData\Local\...}, goog:chromeOptions: {debuggerAddress: localhost:27253}, javascriptEnabled: true, networkConnectionEnabled: false, pageLoadStrategy: normal, platform: WINDOWS, platformName: WINDOWS, proxy: Proxy(), setWindowRect: true, strictFileInteractability: false, timeouts: {implicit: 0, pageLoad: 300000, script: 30000}, unhandledPromptBehavior: dismiss and notify, webauthn:extension:credBlob: true, webauthn:extension:largeBlob: true, webauthn:virtualAuthenticators: true}
Session ID: 041ce4ac6496188e957dc015fd49bb55
*** Element info: {Using=css selector, value=#style_form_wrapper__0GdNn > p}
at sun.reflect.NativeConstructorAccessorImpl.newInstance0(Native Method)
at sun.reflect.NativeConstructorAccessorImpl.newInstance(NativeConstructorAccessorImpl.java:62)
at sun.reflect.DelegatingConstructorAccessorImpl.newInstance(DelegatingConstructorAccessorImpl.java:45)
at java.lang.reflect.Constructor.newInstance(Constructor.java:423)
at org.openqa.selenium.remote.codec.w3c.W3CHttpResponseCodec.createException(W3CHttpResponseCodec.java:196)
at org.openqa.selenium.remote.codec.w3c.W3CHttpResponseCodec.decode(W3CHttpResponseCodec.java:129)
at org.openqa.selenium.remote.codec.w3c.W3CHttpResponseCodec.decode(W3CHttpResponseCodec.java:53)
at org.openqa.selenium.remote.HttpCommandExecutor.execute(HttpCommandExecutor.java:161)
at org.openqa.selenium.remote.service.DriverCommandExecutor.execute(DriverCommandExecutor.java:83)
at org.openqa.selenium.remote.RemoteWebDriver.execute(RemoteWebDriver.java:582)
at org.openqa.selenium.remote.RemoteWebDriver.findElement(RemoteWebDriver.java:333)
at org.openqa.selenium.remote.RemoteWebDriver.findElementByCssSelector(RemoteWebDriver.java:441)
at org.openqa.selenium.By$ByCssSelector.findElement(By.java:494)
at org.openqa.selenium.remote.RemoteWebDriver.findElement(RemoteWebDriver.java:325)
at org.openqa.selenium.support.pagefactory.DefaultElementLocator.findElement(DefaultElementLocator.java:70)
at org.openqa.selenium.support.pagefactory.internal.LocatingElementHandler.invoke(LocatingElementHandler.java:39)
at com.sun.proxy.$Proxy41.getText(Unknown Source)
at com.ztrain.web.pageObjects.HomePage.paymentMessage(HomePage.java:172)
at com.ztrain.web.steps.PaymentValidationSteps.aValidationConfirmationMessageShouldAppearOnTheScreen(PaymentValidationSteps.java:31)
at ✽.A validation confirmation message should appear on the screen(file:///C:/Users/TED/Documents/pawk/formation/selenium%20ISTQB/framework/demo_test/src/test/resources/features/payment_validation.feature:14)
]]>
            </full-stacktrace>
          </exception> <!-- org.openqa.selenium.NoSuchElementException -->
          <reporter-output>
          </reporter-output>
        </test-method> <!-- runScenario -->
        <test-method status="PASS" signature="afterTest()[pri:0, instance:com.ztrain.web.TestRunner@57f23557]" name="afterTest" is-config="true" duration-ms="614" started-at="2022-05-30T10:49:13 CEST" finished-at="2022-05-30T10:49:14 CEST">
          <reporter-output>
          </reporter-output>
        </test-method> <!-- afterTest -->
        <test-method status="PASS" signature="tearDownClass()[pri:0, instance:com.ztrain.web.TestRunner@57f23557]" name="tearDownClass" is-config="true" duration-ms="52" started-at="2022-05-30T10:49:14 CEST" finished-at="2022-05-30T10:49:14 CEST">
          <reporter-output>
          </reporter-output>
        </test-method> <!-- tearDownClass -->
      </class> <!-- com.ztrain.web.TestRunner -->
    </test> <!-- Surefire test -->
  </suite> <!-- Surefire suite -->
</testng-results>
